0 verbose cli C:\Program Files\nodejs\node.exe C:\Program Files\nodejs\node_modules\npm\bin\npm-cli.js
1 info using npm@9.7.2
2 info using node@v19.6.0
3 timing npm:load:whichnode Completed in 1ms
4 timing config:load:defaults Completed in 3ms
5 timing config:load:file:C:\Users\tunta\AppData\Roaming\nvm\v19.6.0\node_modules\npm\npmrc Completed in 0ms
6 timing config:load:builtin Completed in 0ms
7 timing config:load:cli Completed in 2ms
8 timing config:load:env Completed in 0ms
9 timing config:load:file:c:\kerjaan\bestpva\.npmrc Completed in 0ms
10 timing config:load:project Completed in 1ms
11 timing config:load:file:C:\Users\tunta\.npmrc Completed in 0ms
12 timing config:load:user Completed in 0ms
13 timing config:load:file:C:\Program Files\nodejs\etc\npmrc Completed in 0ms
14 timing config:load:global Completed in 0ms
15 timing config:load:setEnvs Completed in 1ms
16 timing config:load Completed in 7ms
17 timing npm:load:configload Completed in 7ms
18 timing config:load:flatten Completed in 2ms
19 timing npm:load:mkdirpcache Completed in 0ms
20 timing npm:load:mkdirplogs Completed in 1ms
21 verbose title npm install
22 verbose argv "install" "--cache" "--legacy-peer-deps"
23 timing npm:load:setTitle Completed in 1ms
24 timing npm:load:display Completed in 0ms
25 verbose logfile logs-max:10 dir:c:\kerjaan\bestpva\--legacy-peer-deps\_logs\2023-06-30T05_40_46_960Z-
26 verbose logfile c:\kerjaan\bestpva\--legacy-peer-deps\_logs\2023-06-30T05_40_46_960Z-debug-0.log
27 timing npm:load:logFile Completed in 8ms
28 timing npm:load:timers Completed in 0ms
29 timing npm:load:configScope Completed in 0ms
30 timing npm:load Completed in 57ms
31 timing arborist:ctor Completed in 0ms
32 silly logfile done cleaning log files
33 timing idealTree:init Completed in 162ms
34 timing idealTree:userRequests Completed in 0ms
35 silly idealTree buildDeps
36 timing idealTree:#root Completed in 0ms
37 silly fetch manifest react@^16.8.0 || ^17.0.0
38 timing arborist:ctor Completed in 1ms
39 http fetch GET 200 https://registry.npmjs.org/react 89ms (cache hit)
40 silly fetch manifest react-dom@^16.8.0 || ^17.0.0
41 http fetch GET 200 https://registry.npmjs.org/react-dom 14ms (cache hit)
42 timing idealTree Completed in 314ms
43 timing command:install Completed in 320ms
44 verbose stack Error: could not resolve
44 verbose stack     at PlaceDep.failPeerConflict (C:\Users\tunta\AppData\Roaming\nvm\v19.6.0\node_modules\npm\node_modules\@npmcli\arborist\lib\place-dep.js:503:25)
44 verbose stack     at new PlaceDep (C:\Users\tunta\AppData\Roaming\nvm\v19.6.0\node_modules\npm\node_modules\@npmcli\arborist\lib\place-dep.js:157:21)
44 verbose stack     at #buildDepStep (C:\Users\tunta\AppData\Roaming\nvm\v19.6.0\node_modules\npm\node_modules\@npmcli\arborist\lib\arborist\build-ideal-tree.js:933:18)
44 verbose stack     at async Arborist.buildIdealTree (C:\Users\tunta\AppData\Roaming\nvm\v19.6.0\node_modules\npm\node_modules\@npmcli\arborist\lib\arborist\build-ideal-tree.js:196:7)
44 verbose stack     at async Promise.all (index 1)
44 verbose stack     at async Arborist.reify (C:\Users\tunta\AppData\Roaming\nvm\v19.6.0\node_modules\npm\node_modules\@npmcli\arborist\lib\arborist\reify.js:159:5)
44 verbose stack     at async Install.exec (C:\Users\tunta\AppData\Roaming\nvm\v19.6.0\node_modules\npm\lib\commands\install.js:149:5)
44 verbose stack     at async module.exports (C:\Users\tunta\AppData\Roaming\nvm\v19.6.0\node_modules\npm\lib\cli-entry.js:61:5)
45 verbose cwd c:\kerjaan\bestpva
46 verbose Windows_NT 10.0.22621
47 verbose node v19.6.0
48 verbose npm  v9.7.2
49 error code ERESOLVE
50 error ERESOLVE could not resolve
51 error
52 error While resolving: [1m@material-ui/core[22m@[1m4.12.4[22m
52 error Found: [1mreact[22m@[1m18.2.0[22m[2m[22m
52 error [2mnode_modules/react[22m
52 error   [1mreact[22m@"[1m18.2.0[22m" from the root project
52 error   [35mpeer[39m [1mreact[22m@"[1m>=16.8.0[22m" from [1m@emotion/react[22m@[1m11.11.1[22m[2m[22m
52 error   [2mnode_modules/@emotion/react[22m
52 error     [1m@emotion/react[22m@"[1m^11.11.1[22m" from the root project
52 error     [35mpeer[39m [1m@emotion/react[22m@"[1m^11.0.0-rc.0[22m" from [1m@emotion/styled[22m@[1m11.11.0[22m[2m[22m
52 error     [2mnode_modules/@emotion/styled[22m
52 error       [1m@emotion/styled[22m@"[1m^11.11.0[22m" from the root project
52 error       4 more (@mui/material, @mui/styled-engine, @mui/system, @mui/x-date-pickers)
52 error     4 more (@mui/material, @mui/styled-engine, @mui/system, @mui/x-date-pickers)
52 error   19 more (@emotion/styled, ...)
52 error
52 error Could not resolve dependency:
52 error [35mpeer[39m [1mreact[22m@"[1m^16.8.0 || ^17.0.0[22m" from [1m@material-ui/core[22m@[1m4.12.4[22m[2m[22m
52 error [2mnode_modules/@material-ui/core[22m
52 error   [1m@material-ui/core[22m@"[1m^4.12.4[22m" from the root project
52 error
52 error Conflicting peer dependency: [1mreact[22m@[1m17.0.2[22m[2m[22m
52 error [2mnode_modules/react[22m
52 error   [35mpeer[39m [1mreact[22m@"[1m^16.8.0 || ^17.0.0[22m" from [1m@material-ui/core[22m@[1m4.12.4[22m[2m[22m
52 error   [2mnode_modules/@material-ui/core[22m
52 error     [1m@material-ui/core[22m@"[1m^4.12.4[22m" from the root project
52 error
52 error Fix the upstream dependency conflict, or retry
52 error this command with --force or --legacy-peer-deps
52 error to accept an incorrect (and potentially broken) dependency resolution.
53 error
53 error
53 error For a full report see:
53 error c:\kerjaan\bestpva\--legacy-peer-deps\_logs\2023-06-30T05_40_46_960Z-eresolve-report.txt
54 verbose exit 1
55 timing npm Completed in 681ms
56 verbose unfinished npm timer reify 1688103647306
57 verbose unfinished npm timer reify:loadTrees 1688103647309
58 verbose unfinished npm timer idealTree:buildDeps 1688103647472
59 verbose unfinished npm timer idealTree:node_modules/@material-ui/core 1688103647473
60 verbose code 1
61 error A complete log of this run can be found in: c:\kerjaan\bestpva\--legacy-peer-deps\_logs\2023-06-30T05_40_46_960Z-debug-0.log
